<?xml version="1.0" encoding="UTF-8"?>
<testsuite name="hello.HttpRequestTest" tests="1" skipped="0" failures="0" errors="0" timestamp="2017-02-05T06:41:06" hostname="kevko-ThinkPad-T420" time="0.248">
  <properties/>
  <testcase name="greetingShouldReturnDefaultMessage" classname="hello.HttpRequestTest" time="0.248"/>
  <system-out><![CDATA[2017-02-04 23:41:04.699  INFO 12732 --- [    Test worker] .b.t.c.SpringBootTestContextBootstrapper : Neither @ContextConfiguration nor @ContextHierarchy found for test class [hello.HttpRequestTest], using SpringBootContextLoader
2017-02-04 23:41:04.699  INFO 12732 --- [    Test worker] o.s.t.c.support.AbstractContextLoader    : Could not detect default resource locations for test class [hello.HttpRequestTest]: no resource found for suffixes {-context.xml, Context.groovy}.
2017-02-04 23:41:04.700  INFO 12732 --- [    Test worker] t.c.s.AnnotationConfigContextLoaderUtils : Could not detect default configuration classes for test class [hello.HttpRequestTest]: HttpRequestTest does not declare any static, non-private, non-final, nested classes annotated with @Configuration.
2017-02-04 23:41:04.712  INFO 12732 --- [    Test worker] .b.t.c.SpringBootTestContextBootstrapper : Found @SpringBootConfiguration hello.Application for test class hello.HttpRequestTest
2017-02-04 23:41:04.720  INFO 12732 --- [    Test worker] .b.t.c.SpringBootTestContextBootstrapper : Loaded default TestExecutionListener class names from location [META-INF/spring.factories]: [org.springframework.boot.test.mock.mockito.MockitoTestExecutionListener, org.springframework.boot.test.mock.mockito.ResetMocksTestExecutionListener, org.springframework.boot.test.autoconfigure.restdocs.RestDocsTestExecutionListener, org.springframework.boot.test.autoconfigure.web.client.MockRestServiceServerResetTestExecutionListener, org.springframework.boot.test.autoconfigure.web.servlet.MockMvcPrintOnlyOnFailureTestExecutionListener, org.springframework.boot.test.autoconfigure.web.servlet.WebDriverTestExecutionListener, org.springframework.test.context.web.ServletTestExecutionListener, org.springframework.test.context.support.DirtiesContextBeforeModesTestExecutionListener, org.springframework.test.context.support.DependencyInjectionTestExecutionListener, org.springframework.test.context.support.DirtiesContextTestExecutionListener, org.springframework.test.context.transaction.TransactionalTestExecutionListener, org.springframework.test.context.jdbc.SqlScriptsTestExecutionListener]
2017-02-04 23:41:04.733  INFO 12732 --- [    Test worker] .b.t.c.SpringBootTestContextBootstrapper : Could not instantiate TestExecutionListener [org.springframework.test.context.transaction.TransactionalTestExecutionListener]. Specify custom listener classes or make the default listener classes (and their required dependencies) available. Offending class: [org/springframework/transaction/TransactionDefinition]
2017-02-04 23:41:04.734  INFO 12732 --- [    Test worker] .b.t.c.SpringBootTestContextBootstrapper : Could not instantiate TestExecutionListener [org.springframework.test.context.jdbc.SqlScriptsTestExecutionListener]. Specify custom listener classes or make the default listener classes (and their required dependencies) available. Offending class: [org/springframework/transaction/interceptor/TransactionAttribute]
2017-02-04 23:41:04.735  INFO 12732 --- [    Test worker] .b.t.c.SpringBootTestContextBootstrapper : Using TestExecutionListeners: [org.springframework.test.context.web.ServletTestExecutionListener@1b2a16f3, org.springframework.test.context.support.DirtiesContextBeforeModesTestExecutionListener@36ef98b9, org.springframework.boot.test.autoconfigure.SpringBootDependencyInjectionTestExecutionListener@18ed1947, org.springframework.test.context.support.DirtiesContextTestExecutionListener@2c6591d5, org.springframework.boot.test.mock.mockito.MockitoTestExecutionListener@67339724, org.springframework.boot.test.autoconfigure.web.servlet.WebDriverTestExecutionListener@2dd3e12b, org.springframework.boot.test.mock.mockito.ResetMocksTestExecutionListener@5d84f2f7, org.springframework.boot.test.autoconfigure.web.client.MockRestServiceServerResetTestExecutionListener@5def3bab, org.springframework.boot.test.autoconfigure.web.servlet.MockMvcPrintOnlyOnFailureTestExecutionListener@269e0d85, org.springframework.boot.test.autoconfigure.restdocs.RestDocsTestExecutionListener@14767ac4]

  .   ____          _            __ _ _
 /\\ / ___'_ __ _ _(_)_ __  __ _ \ \ \ \
( ( )\___ | '_ | '_| | '_ \/ _` | \ \ \ \
 \\/  ___)| |_)| | | | | || (_| |  ) ) ) )
  '  |____| .__|_| |_|_| |_\__, | / / / /
 =========|_|==============|___/=/_/_/_/
 :: Spring Boot ::        (v1.5.1.RELEASE)

2017-02-04 23:41:04.847  INFO 12732 --- [    Test worker] hello.HttpRequestTest                    : Starting HttpRequestTest on kevko-ThinkPad-T420 with PID 12732 (started by kevko in /home/kevko/spring-guides/testing-web)
2017-02-04 23:41:04.850  INFO 12732 --- [    Test worker] hello.HttpRequestTest                    : No active profile set, falling back to default profiles: default
2017-02-04 23:41:04.855  INFO 12732 --- [    Test worker] ationConfigEmbeddedWebApplicationContext : Refreshing org.springframework.boot.context.embedded.AnnotationConfigEmbeddedWebApplicationContext@23fce14b: startup date [Sat Feb 04 23:41:04 MST 2017]; root of context hierarchy
2017-02-04 23:41:05.284  INFO 12732 --- [    Test worker] trationDelegate$BeanPostProcessorChecker : Bean 'org.springframework.boot.autoconfigure.validation.ValidationAutoConfiguration' of type [class org.springframework.boot.autoconfigure.validation.ValidationAutoConfiguration] is not eligible for getting processed by all BeanPostProcessors (for example: not eligible for auto-proxying)
2017-02-04 23:41:05.297  INFO 12732 --- [    Test worker] trationDelegate$BeanPostProcessorChecker : Bean 'validator' of type [class org.springframework.validation.beanvalidation.LocalValidatorFactoryBean] is not eligible for getting processed by all BeanPostProcessors (for example: not eligible for auto-proxying)
2017-02-04 23:41:05.542  INFO 12732 --- [    Test worker] s.b.c.e.t.TomcatEmbeddedServletContainer : Tomcat initialized with port(s): 0 (http)
2017-02-04 23:41:05.558  INFO 12732 --- [    Test worker] o.apache.catalina.core.StandardService   : Starting service Tomcat
2017-02-04 23:41:05.560  INFO 12732 --- [    Test worker] org.apache.catalina.core.StandardEngine  : Starting Servlet Engine: Apache Tomcat/8.5.11
2017-02-04 23:41:05.665  INFO 12732 --- [ost-startStop-1] o.a.c.c.C.[Tomcat].[localhost].[/]       : Initializing Spring embedded WebApplicationContext
2017-02-04 23:41:05.665  INFO 12732 --- [ost-startStop-1] o.s.web.context.ContextLoader            : Root WebApplicationContext: initialization completed in 810 ms
2017-02-04 23:41:05.750  INFO 12732 --- [ost-startStop-1] o.s.b.w.servlet.ServletRegistrationBean  : Mapping servlet: 'dispatcherServlet' to [/]
2017-02-04 23:41:05.755  INFO 12732 --- [ost-startStop-1] o.s.b.w.servlet.FilterRegistrationBean   : Mapping filter: 'characterEncodingFilter' to: [/*]
2017-02-04 23:41:05.756  INFO 12732 --- [ost-startStop-1] o.s.b.w.servlet.FilterRegistrationBean   : Mapping filter: 'hiddenHttpMethodFilter' to: [/*]
2017-02-04 23:41:05.756  INFO 12732 --- [ost-startStop-1] o.s.b.w.servlet.FilterRegistrationBean   : Mapping filter: 'httpPutFormContentFilter' to: [/*]
2017-02-04 23:41:05.756  INFO 12732 --- [ost-startStop-1] o.s.b.w.servlet.FilterRegistrationBean   : Mapping filter: 'requestContextFilter' to: [/*]
2017-02-04 23:41:05.940  INFO 12732 --- [    Test worker] s.w.s.m.m.a.RequestMappingHandlerAdapter : Looking for @ControllerAdvice: org.springframework.boot.context.embedded.AnnotationConfigEmbeddedWebApplicationContext@23fce14b: startup date [Sat Feb 04 23:41:04 MST 2017]; root of context hierarchy
2017-02-04 23:41:05.953  INFO 12732 --- [    Test worker] s.w.s.m.m.a.RequestMappingHandlerMapping : Mapped "{[/greeting]}" onto public java.lang.String hello.GreetingController.greeting()
2017-02-04 23:41:05.954  INFO 12732 --- [    Test worker] s.w.s.m.m.a.RequestMappingHandlerMapping : Mapped "{[/]}" onto public java.lang.String hello.HomeController.greeting()
2017-02-04 23:41:05.957  INFO 12732 --- [    Test worker] s.w.s.m.m.a.RequestMappingHandlerMapping : Mapped "{[/error],produces=[text/html]}" onto public org.springframework.web.servlet.ModelAndView org.springframework.boot.autoconfigure.web.BasicErrorController.errorHtml(javax.servlet.http.HttpServletRequest,javax.servlet.http.HttpServletResponse)
2017-02-04 23:41:05.957  INFO 12732 --- [    Test worker] s.w.s.m.m.a.RequestMappingHandlerMapping : Mapped "{[/error]}" onto public org.springframework.http.ResponseEntity<java.util.Map<java.lang.String, java.lang.Object>> org.springframework.boot.autoconfigure.web.BasicErrorController.error(javax.servlet.http.HttpServletRequest)
2017-02-04 23:41:05.980  INFO 12732 --- [    Test worker] o.s.w.s.handler.SimpleUrlHandlerMapping  : Mapped URL path [/webjars/**] onto handler of type [class org.springframework.web.servlet.resource.ResourceHttpRequestHandler]
2017-02-04 23:41:05.980  INFO 12732 --- [    Test worker] o.s.w.s.handler.SimpleUrlHandlerMapping  : Mapped URL path [/**] onto handler of type [class org.springframework.web.servlet.resource.ResourceHttpRequestHandler]
2017-02-04 23:41:06.004  INFO 12732 --- [    Test worker] o.s.w.s.handler.SimpleUrlHandlerMapping  : Mapped URL path [/**/favicon.ico] onto handler of type [class org.springframework.web.servlet.resource.ResourceHttpRequestHandler]
2017-02-04 23:41:06.158  INFO 12732 --- [    Test worker] s.b.c.e.t.TomcatEmbeddedServletContainer : Tomcat started on port(s): 45175 (http)
2017-02-04 23:41:06.164  INFO 12732 --- [    Test worker] hello.HttpRequestTest                    : Started HttpRequestTest in 1.42 seconds (JVM running for 5.622)
2017-02-04 23:41:06.238  INFO 12732 --- [o-auto-1-exec-1] o.a.c.c.C.[Tomcat].[localhost].[/]       : Initializing Spring FrameworkServlet 'dispatcherServlet'
2017-02-04 23:41:06.239  INFO 12732 --- [o-auto-1-exec-1] o.s.web.servlet.DispatcherServlet        : FrameworkServlet 'dispatcherServlet': initialization started
2017-02-04 23:41:06.248  INFO 12732 --- [o-auto-1-exec-1] o.s.web.servlet.DispatcherServlet        : FrameworkServlet 'dispatcherServlet': initialization completed in 9 ms
]]></system-out>
  <system-err><![CDATA[]]></system-err>
</testsuite>
