<?xml version="1.0" encoding="UTF-8"?>
<testsuite name="hello.WebMockTest" tests="1" skipped="0" failures="0" errors="0" timestamp="2017-02-05T06:41:04" hostname="kevko-ThinkPad-T420" time="0.121">
  <properties/>
  <testcase name="greetingShouldReturnMessageFromService" classname="hello.WebMockTest" time="0.121"/>
  <system-out><![CDATA[23:41:01.552 [Test worker] DEBUG org.springframework.test.context.junit4.SpringJUnit4ClassRunner - SpringJUnit4ClassRunner constructor called with [class hello.WebMockTest]
23:41:01.559 [Test worker] DEBUG org.springframework.test.context.BootstrapUtils - Instantiating CacheAwareContextLoaderDelegate from class [org.springframework.test.context.cache.DefaultCacheAwareContextLoaderDelegate]
23:41:01.572 [Test worker] DEBUG org.springframework.test.context.BootstrapUtils - Instantiating BootstrapContext using constructor [public org.springframework.test.context.support.DefaultBootstrapContext(java.lang.Class,org.springframework.test.context.CacheAwareContextLoaderDelegate)]
23:41:01.603 [Test worker] DEBUG org.springframework.test.context.BootstrapUtils - Instantiating TestContextBootstrapper for test class [hello.WebMockTest] from class [org.springframework.boot.test.autoconfigure.web.servlet.WebMvcTestContextBootstrapper]
23:41:01.644 [Test worker] INFO org.springframework.boot.test.autoconfigure.web.servlet.WebMvcTestContextBootstrapper - Neither @ContextConfiguration nor @ContextHierarchy found for test class [hello.WebMockTest], using SpringBootContextLoader
23:41:01.651 [Test worker] DEBUG org.springframework.test.context.support.AbstractContextLoader - Did not detect default resource location for test class [hello.WebMockTest]: class path resource [hello/WebMockTest-context.xml] does not exist
23:41:01.652 [Test worker] DEBUG org.springframework.test.context.support.AbstractContextLoader - Did not detect default resource location for test class [hello.WebMockTest]: class path resource [hello/WebMockTestContext.groovy] does not exist
23:41:01.653 [Test worker] INFO org.springframework.test.context.support.AbstractContextLoader - Could not detect default resource locations for test class [hello.WebMockTest]: no resource found for suffixes {-context.xml, Context.groovy}.
23:41:01.655 [Test worker] INFO org.springframework.test.context.support.AnnotationConfigContextLoaderUtils - Could not detect default configuration classes for test class [hello.WebMockTest]: WebMockTest does not declare any static, non-private, non-final, nested classes annotated with @Configuration.
23:41:01.846 [Test worker] DEBUG org.springframework.test.context.support.ActiveProfilesUtils - Could not find an 'annotation declaring class' for annotation type [org.springframework.test.context.ActiveProfiles] and class [hello.WebMockTest]
23:41:01.853 [Test worker] DEBUG org.springframework.core.env.StandardEnvironment - Adding [systemProperties] PropertySource with lowest search precedence
23:41:01.854 [Test worker] DEBUG org.springframework.core.env.StandardEnvironment - Adding [systemEnvironment] PropertySource with lowest search precedence
23:41:01.854 [Test worker] DEBUG org.springframework.core.env.StandardEnvironment - Initialized StandardEnvironment with PropertySources [systemProperties,systemEnvironment]
23:41:01.866 [Test worker] DEBUG org.springframework.core.io.support.PathMatchingResourcePatternResolver - Resolved classpath location [hello/] to resources [URL [file:/home/kevko/spring-guides/testing-web/build/classes/test/hello/], URL [file:/home/kevko/spring-guides/testing-web/build/classes/main/hello/]]
23:41:01.866 [Test worker] DEBUG org.springframework.core.io.support.PathMatchingResourcePatternResolver - Looking for matching resources in directory tree [/home/kevko/spring-guides/testing-web/build/classes/test/hello]
23:41:01.867 [Test worker] DEBUG org.springframework.core.io.support.PathMatchingResourcePatternResolver - Searching directory [/home/kevko/spring-guides/testing-web/build/classes/test/hello] for files matching pattern [/home/kevko/spring-guides/testing-web/build/classes/test/hello/*.class]
23:41:01.873 [Test worker] DEBUG org.springframework.core.io.support.PathMatchingResourcePatternResolver - Looking for matching resources in directory tree [/home/kevko/spring-guides/testing-web/build/classes/main/hello]
23:41:01.874 [Test worker] DEBUG org.springframework.core.io.support.PathMatchingResourcePatternResolver - Searching directory [/home/kevko/spring-guides/testing-web/build/classes/main/hello] for files matching pattern [/home/kevko/spring-guides/testing-web/build/classes/main/hello/*.class]
23:41:01.875 [Test worker] DEBUG org.springframework.core.io.support.PathMatchingResourcePatternResolver - Resolved location pattern [classpath*:hello/*.class] to resources [file [/home/kevko/spring-guides/testing-web/build/classes/test/hello/ApplicationTest.class], file [/home/kevko/spring-guides/testing-web/build/classes/test/hello/HttpRequestTest.class], file [/home/kevko/spring-guides/testing-web/build/classes/test/hello/SmokeTest.class], file [/home/kevko/spring-guides/testing-web/build/classes/test/hello/WebLayerTest.class], file [/home/kevko/spring-guides/testing-web/build/classes/test/hello/WebMockTest.class], file [/home/kevko/spring-guides/testing-web/build/classes/main/hello/Application.class], file [/home/kevko/spring-guides/testing-web/build/classes/main/hello/GreetingController.class], file [/home/kevko/spring-guides/testing-web/build/classes/main/hello/GreetingService.class], file [/home/kevko/spring-guides/testing-web/build/classes/main/hello/HomeController.class]]
23:41:01.934 [Test worker] DEBUG org.springframework.context.annotation.ClassPathScanningCandidateComponentProvider - Identified candidate component class: file [/home/kevko/spring-guides/testing-web/build/classes/main/hello/Application.class]
23:41:01.941 [Test worker] INFO org.springframework.boot.test.context.SpringBootTestContextBootstrapper - Found @SpringBootConfiguration hello.Application for test class hello.WebMockTest
23:41:01.947 [Test worker] DEBUG org.springframework.boot.test.autoconfigure.web.servlet.WebMvcTestContextBootstrapper - @TestExecutionListeners is not present for class [hello.WebMockTest]: using defaults.
23:41:01.951 [Test worker] INFO org.springframework.boot.test.autoconfigure.web.servlet.WebMvcTestContextBootstrapper - Loaded default TestExecutionListener class names from location [META-INF/spring.factories]: [org.springframework.boot.test.mock.mockito.MockitoTestExecutionListener, org.springframework.boot.test.mock.mockito.ResetMocksTestExecutionListener, org.springframework.boot.test.autoconfigure.restdocs.RestDocsTestExecutionListener, org.springframework.boot.test.autoconfigure.web.client.MockRestServiceServerResetTestExecutionListener, org.springframework.boot.test.autoconfigure.web.servlet.MockMvcPrintOnlyOnFailureTestExecutionListener, org.springframework.boot.test.autoconfigure.web.servlet.WebDriverTestExecutionListener, org.springframework.test.context.web.ServletTestExecutionListener, org.springframework.test.context.support.DirtiesContextBeforeModesTestExecutionListener, org.springframework.test.context.support.DependencyInjectionTestExecutionListener, org.springframework.test.context.support.DirtiesContextTestExecutionListener, org.springframework.test.context.transaction.TransactionalTestExecutionListener, org.springframework.test.context.jdbc.SqlScriptsTestExecutionListener]
23:41:01.963 [Test worker] INFO org.springframework.boot.test.autoconfigure.web.servlet.WebMvcTestContextBootstrapper - Could not instantiate TestExecutionListener [org.springframework.test.context.transaction.TransactionalTestExecutionListener]. Specify custom listener classes or make the default listener classes (and their required dependencies) available. Offending class: [org/springframework/transaction/TransactionDefinition]
23:41:01.968 [Test worker] INFO org.springframework.boot.test.autoconfigure.web.servlet.WebMvcTestContextBootstrapper - Could not instantiate TestExecutionListener [org.springframework.test.context.jdbc.SqlScriptsTestExecutionListener]. Specify custom listener classes or make the default listener classes (and their required dependencies) available. Offending class: [org/springframework/transaction/interceptor/TransactionAttribute]
23:41:01.970 [Test worker] INFO org.springframework.boot.test.autoconfigure.web.servlet.WebMvcTestContextBootstrapper - Using TestExecutionListeners: [org.springframework.test.context.web.ServletTestExecutionListener@7f24c9dd, org.springframework.test.context.support.DirtiesContextBeforeModesTestExecutionListener@41a436aa, org.springframework.boot.test.autoconfigure.SpringBootDependencyInjectionTestExecutionListener@2517005, org.springframework.test.context.support.DirtiesContextTestExecutionListener@74d4a82d, org.springframework.boot.test.mock.mockito.MockitoTestExecutionListener@2de7fd4b, org.springframework.boot.test.autoconfigure.web.servlet.WebDriverTestExecutionListener@4d969f3b, org.springframework.boot.test.mock.mockito.ResetMocksTestExecutionListener@44ce0fd4, org.springframework.boot.test.autoconfigure.web.client.MockRestServiceServerResetTestExecutionListener@150a52a0, org.springframework.boot.test.autoconfigure.web.servlet.MockMvcPrintOnlyOnFailureTestExecutionListener@795f8ef, org.springframework.boot.test.autoconfigure.restdocs.RestDocsTestExecutionListener@7e83c061]
23:41:01.974 [Test worker] DEBUG org.springframework.test.annotation.ProfileValueUtils - Retrieved @ProfileValueSourceConfiguration [null] for test class [hello.WebMockTest]
23:41:01.975 [Test worker] DEBUG org.springframework.test.annotation.ProfileValueUtils - Retrieved ProfileValueSource type [class org.springframework.test.annotation.SystemProfileValueSource] for class [hello.WebMockTest]
23:41:01.977 [Test worker] DEBUG org.springframework.test.annotation.ProfileValueUtils - Retrieved @ProfileValueSourceConfiguration [null] for test class [hello.WebMockTest]
23:41:01.977 [Test worker] DEBUG org.springframework.test.annotation.ProfileValueUtils - Retrieved ProfileValueSource type [class org.springframework.test.annotation.SystemProfileValueSource] for class [hello.WebMockTest]
23:41:01.980 [Test worker] DEBUG org.springframework.test.context.support.AbstractDirtiesContextTestExecutionListener - Before test class: context [DefaultTestContext@18d7eeb4 testClass = WebMockTest, testInstance = [null], testMethod = [null], testException = [null], mergedContextConfiguration = [WebMergedContextConfiguration@254ecb5b testClass = WebMockTest, locations = '{}', classes = '{class hello.Application}', contextInitializerClasses = '[]', activeProfiles = '{}', propertySourceLocations = '{}', propertySourceProperties = '{org.springframework.boot.test.autoconfigure.web.servlet.WebMvcTestContextBootstrapper=true}', contextCustomizers = set[[ImportsContextCustomizer@6f48f47a key = [org.springframework.boot.autoconfigure.cache.CacheAutoConfiguration, org.springframework.boot.autoconfigure.context.MessageSourceAutoConfiguration, org.springframework.boot.autoconfigure.freemarker.FreeMarkerAutoConfiguration, org.springframework.boot.autoconfigure.groovy.template.GroovyTemplateAutoConfiguration, org.springframework.boot.autoconfigure.gson.GsonAutoConfiguration, org.springframework.boot.autoconfigure.hateoas.HypermediaAutoConfiguration, org.springframework.boot.autoconfigure.jackson.JacksonAutoConfiguration, org.springframework.boot.autoconfigure.mustache.MustacheAutoConfiguration, org.springframework.boot.autoconfigure.thymeleaf.ThymeleafAutoConfiguration, org.springframework.boot.autoconfigure.validation.ValidationAutoConfiguration, org.springframework.boot.autoconfigure.web.ErrorMvcAutoConfiguration, org.springframework.boot.autoconfigure.web.HttpMessageConvertersAutoConfiguration, org.springframework.boot.autoconfigure.web.ServerPropertiesAutoConfiguration, org.springframework.boot.autoconfigure.web.WebMvcAutoConfiguration, org.springframework.boot.test.autoconfigure.web.servlet.MockMvcAutoConfiguration, org.springframework.boot.test.autoconfigure.web.servlet.MockMvcSecurityAutoConfiguration, org.springframework.boot.test.autoconfigure.web.servlet.MockMvcWebClientAutoConfiguration, org.springframework.boot.test.autoconfigure.web.servlet.MockMvcWebDriverAutoConfiguration, Package Import hello]], org.springframework.boot.test.context.filter.ExcludeFilterContextCustomizer@5eec109e, org.springframework.boot.test.mock.mockito.MockitoContextCustomizer@9c4ea2ce, org.springframework.boot.test.autoconfigure.OverrideAutoConfigurationContextCustomizerFactory$DisableAutoConfigurationContextCustomizer@557b64e8, org.springframework.boot.test.autoconfigure.filter.TypeExcludeFiltersContextCustomizer@fb115470, org.springframework.boot.test.autoconfigure.properties.PropertyMappingContextCustomizer@a6b9c73a, org.springframework.boot.test.autoconfigure.web.servlet.WebDriverContextCustomizerFactory$Customizer@6bf85bce], resourceBasePath = '', contextLoader = 'org.springframework.boot.test.context.SpringBootContextLoader', parent = [null]]], class annotated with @DirtiesContext [false] with mode [null].
23:41:01.982 [Test worker] DEBUG org.springframework.test.annotation.ProfileValueUtils - Retrieved @ProfileValueSourceConfiguration [null] for test class [hello.WebMockTest]
23:41:01.983 [Test worker] DEBUG org.springframework.test.annotation.ProfileValueUtils - Retrieved ProfileValueSource type [class org.springframework.test.annotation.SystemProfileValueSource] for class [hello.WebMockTest]
23:41:01.985 [Test worker] DEBUG org.springframework.test.context.support.DependencyInjectionTestExecutionListener - Performing dependency injection for test context [[DefaultTestContext@18d7eeb4 testClass = WebMockTest, testInstance = hello.WebMockTest@670bd30f, testMethod = [null], testException = [null], mergedContextConfiguration = [WebMergedContextConfiguration@254ecb5b testClass = WebMockTest, locations = '{}', classes = '{class hello.Application}', contextInitializerClasses = '[]', activeProfiles = '{}', propertySourceLocations = '{}', propertySourceProperties = '{org.springframework.boot.test.autoconfigure.web.servlet.WebMvcTestContextBootstrapper=true}', contextCustomizers = set[[ImportsContextCustomizer@6f48f47a key = [org.springframework.boot.autoconfigure.cache.CacheAutoConfiguration, org.springframework.boot.autoconfigure.context.MessageSourceAutoConfiguration, org.springframework.boot.autoconfigure.freemarker.FreeMarkerAutoConfiguration, org.springframework.boot.autoconfigure.groovy.template.GroovyTemplateAutoConfiguration, org.springframework.boot.autoconfigure.gson.GsonAutoConfiguration, org.springframework.boot.autoconfigure.hateoas.HypermediaAutoConfiguration, org.springframework.boot.autoconfigure.jackson.JacksonAutoConfiguration, org.springframework.boot.autoconfigure.mustache.MustacheAutoConfiguration, org.springframework.boot.autoconfigure.thymeleaf.ThymeleafAutoConfiguration, org.springframework.boot.autoconfigure.validation.ValidationAutoConfiguration, org.springframework.boot.autoconfigure.web.ErrorMvcAutoConfiguration, org.springframework.boot.autoconfigure.web.HttpMessageConvertersAutoConfiguration, org.springframework.boot.autoconfigure.web.ServerPropertiesAutoConfiguration, org.springframework.boot.autoconfigure.web.WebMvcAutoConfiguration, org.springframework.boot.test.autoconfigure.web.servlet.MockMvcAutoConfiguration, org.springframework.boot.test.autoconfigure.web.servlet.MockMvcSecurityAutoConfiguration, org.springframework.boot.test.autoconfigure.web.servlet.MockMvcWebClientAutoConfiguration, org.springframework.boot.test.autoconfigure.web.servlet.MockMvcWebDriverAutoConfiguration, Package Import hello]], org.springframework.boot.test.context.filter.ExcludeFilterContextCustomizer@5eec109e, org.springframework.boot.test.mock.mockito.MockitoContextCustomizer@9c4ea2ce, org.springframework.boot.test.autoconfigure.OverrideAutoConfigurationContextCustomizerFactory$DisableAutoConfigurationContextCustomizer@557b64e8, org.springframework.boot.test.autoconfigure.filter.TypeExcludeFiltersContextCustomizer@fb115470, org.springframework.boot.test.autoconfigure.properties.PropertyMappingContextCustomizer@a6b9c73a, org.springframework.boot.test.autoconfigure.web.servlet.WebDriverContextCustomizerFactory$Customizer@6bf85bce], resourceBasePath = '', contextLoader = 'org.springframework.boot.test.context.SpringBootContextLoader', parent = [null]]]].
23:41:02.047 [Test worker] DEBUG org.springframework.core.env.StandardEnvironment - Adding [systemProperties] PropertySource with lowest search precedence
23:41:02.047 [Test worker] DEBUG org.springframework.core.env.StandardEnvironment - Adding [systemEnvironment] PropertySource with lowest search precedence
23:41:02.048 [Test worker] DEBUG org.springframework.core.env.StandardEnvironment - Initialized StandardEnvironment with PropertySources [systemProperties,systemEnvironment]
23:41:02.049 [Test worker] DEBUG org.springframework.core.env.MutablePropertySources - Adding [inline] PropertySource with highest search precedence
23:41:02.054 [Test worker] DEBUG org.springframework.test.context.support.TestPropertySourceUtils - Adding inlined properties to environment: {spring.jmx.enabled=false, org.springframework.boot.test.autoconfigure.web.servlet.WebMvcTestContextBootstrapper=true, server.port=-1}
23:41:02.054 [Test worker] DEBUG org.springframework.core.env.StandardEnvironment - Adding [Inlined Test Properties] PropertySource with highest search precedence

  .   ____          _            __ _ _
 /\\ / ___'_ __ _ _(_)_ __  __ _ \ \ \ \
( ( )\___ | '_ | '_| | '_ \/ _` | \ \ \ \
 \\/  ___)| |_)| | | | | || (_| |  ) ) ) )
  '  |____| .__|_| |_|_| |_\__, | / / / /
 =========|_|==============|___/=/_/_/_/
 :: Spring Boot ::        (v1.5.1.RELEASE)

2017-02-04 23:41:02.364  INFO 12732 --- [    Test worker] hello.WebMockTest                        : Starting WebMockTest on kevko-ThinkPad-T420 with PID 12732 (started by kevko in /home/kevko/spring-guides/testing-web)
2017-02-04 23:41:02.366  INFO 12732 --- [    Test worker] hello.WebMockTest                        : No active profile set, falling back to default profiles: default
2017-02-04 23:41:02.403  INFO 12732 --- [    Test worker] o.s.w.c.s.GenericWebApplicationContext   : Refreshing org.springframework.web.context.support.GenericWebApplicationContext@45d7dcb4: startup date [Sat Feb 04 23:41:02 MST 2017]; root of context hierarchy
2017-02-04 23:41:03.417  INFO 12732 --- [    Test worker] trationDelegate$BeanPostProcessorChecker : Bean 'org.springframework.boot.autoconfigure.validation.ValidationAutoConfiguration' of type [class org.springframework.boot.autoconfigure.validation.ValidationAutoConfiguration] is not eligible for getting processed by all BeanPostProcessors (for example: not eligible for auto-proxying)
2017-02-04 23:41:03.526  INFO 12732 --- [    Test worker] trationDelegate$BeanPostProcessorChecker : Bean 'validator' of type [class org.springframework.validation.beanvalidation.LocalValidatorFactoryBean] is not eligible for getting processed by all BeanPostProcessors (for example: not eligible for auto-proxying)
2017-02-04 23:41:04.079  INFO 12732 --- [    Test worker] s.w.s.m.m.a.RequestMappingHandlerAdapter : Looking for @ControllerAdvice: org.springframework.web.context.support.GenericWebApplicationContext@45d7dcb4: startup date [Sat Feb 04 23:41:02 MST 2017]; root of context hierarchy
2017-02-04 23:41:04.168  INFO 12732 --- [    Test worker] s.w.s.m.m.a.RequestMappingHandlerMapping : Mapped "{[/greeting]}" onto public java.lang.String hello.GreetingController.greeting()
2017-02-04 23:41:04.172  INFO 12732 --- [    Test worker] s.w.s.m.m.a.RequestMappingHandlerMapping : Mapped "{[/error],produces=[text/html]}" onto public org.springframework.web.servlet.ModelAndView org.springframework.boot.autoconfigure.web.BasicErrorController.errorHtml(javax.servlet.http.HttpServletRequest,javax.servlet.http.HttpServletResponse)
2017-02-04 23:41:04.173  INFO 12732 --- [    Test worker] s.w.s.m.m.a.RequestMappingHandlerMapping : Mapped "{[/error]}" onto public org.springframework.http.ResponseEntity<java.util.Map<java.lang.String, java.lang.Object>> org.springframework.boot.autoconfigure.web.BasicErrorController.error(javax.servlet.http.HttpServletRequest)
2017-02-04 23:41:04.220  INFO 12732 --- [    Test worker] o.s.w.s.handler.SimpleUrlHandlerMapping  : Mapped URL path [/webjars/**] onto handler of type [class org.springframework.web.servlet.resource.ResourceHttpRequestHandler]
2017-02-04 23:41:04.226  INFO 12732 --- [    Test worker] o.s.w.s.handler.SimpleUrlHandlerMapping  : Mapped URL path [/**] onto handler of type [class org.springframework.web.servlet.resource.ResourceHttpRequestHandler]
2017-02-04 23:41:04.283  INFO 12732 --- [    Test worker] o.s.w.s.handler.SimpleUrlHandlerMapping  : Mapped URL path [/**/favicon.ico] onto handler of type [class org.springframework.web.servlet.resource.ResourceHttpRequestHandler]
2017-02-04 23:41:04.421  INFO 12732 --- [    Test worker] o.s.b.t.m.w.SpringBootMockServletContext : Initializing Spring FrameworkServlet ''
2017-02-04 23:41:04.421  INFO 12732 --- [    Test worker] o.s.t.web.servlet.TestDispatcherServlet  : FrameworkServlet '': initialization started
2017-02-04 23:41:04.439  INFO 12732 --- [    Test worker] o.s.t.web.servlet.TestDispatcherServlet  : FrameworkServlet '': initialization completed in 18 ms
2017-02-04 23:41:04.546  INFO 12732 --- [    Test worker] hello.WebMockTest                        : Started WebMockTest in 2.484 seconds (JVM running for 4.004)

MockHttpServletRequest:
      HTTP Method = GET
      Request URI = /greeting
       Parameters = {}
          Headers = {}

Handler:
             Type = hello.GreetingController
           Method = public java.lang.String hello.GreetingController.greeting()

Async:
    Async started = false
     Async result = null

Resolved Exception:
             Type = null

ModelAndView:
        View name = null
             View = null
            Model = null

FlashMap:
       Attributes = null

MockHttpServletResponse:
           Status = 200
    Error message = null
          Headers = {Content-Type=[text/plain;charset=UTF-8], Content-Length=[10]}
     Content type = text/plain;charset=UTF-8
             Body = Hello Mock
    Forwarded URL = null
   Redirected URL = null
          Cookies = []
]]></system-out>
  <system-err><![CDATA[]]></system-err>
</testsuite>
