<?xml version="1.0" encoding="UTF-8"?>
<testsuite name="hello.SmokeTest" tests="1" skipped="0" failures="0" errors="0" timestamp="2017-02-05T06:41:07" hostname="kevko-ThinkPad-T420" time="0.004">
  <properties/>
  <testcase name="contexLoads" classname="hello.SmokeTest" time="0.004"/>
  <system-out><![CDATA[2017-02-04 23:41:06.419  INFO 12732 --- [    Test worker] .b.t.c.SpringBootTestContextBootstrapper : Neither @ContextConfiguration nor @ContextHierarchy found for test class [hello.SmokeTest], using SpringBootContextLoader
2017-02-04 23:41:06.420  INFO 12732 --- [    Test worker] o.s.t.c.support.AbstractContextLoader    : Could not detect default resource locations for test class [hello.SmokeTest]: no resource found for suffixes {-context.xml, Context.groovy}.
2017-02-04 23:41:06.421  INFO 12732 --- [    Test worker] t.c.s.AnnotationConfigContextLoaderUtils : Could not detect default configuration classes for test class [hello.SmokeTest]: SmokeTest does not declare any static, non-private, non-final, nested classes annotated with @Configuration.
2017-02-04 23:41:06.427  INFO 12732 --- [    Test worker] .b.t.c.SpringBootTestContextBootstrapper : Found @SpringBootConfiguration hello.Application for test class hello.SmokeTest
2017-02-04 23:41:06.431  INFO 12732 --- [    Test worker] .b.t.c.SpringBootTestContextBootstrapper : Loaded default TestExecutionListener class names from location [META-INF/spring.factories]: [org.springframework.boot.test.mock.mockito.MockitoTestExecutionListener, org.springframework.boot.test.mock.mockito.ResetMocksTestExecutionListener, org.springframework.boot.test.autoconfigure.restdocs.RestDocsTestExecutionListener, org.springframework.boot.test.autoconfigure.web.client.MockRestServiceServerResetTestExecutionListener, org.springframework.boot.test.autoconfigure.web.servlet.MockMvcPrintOnlyOnFailureTestExecutionListener, org.springframework.boot.test.autoconfigure.web.servlet.WebDriverTestExecutionListener, org.springframework.test.context.web.ServletTestExecutionListener, org.springframework.test.context.support.DirtiesContextBeforeModesTestExecutionListener, org.springframework.test.context.support.DependencyInjectionTestExecutionListener, org.springframework.test.context.support.DirtiesContextTestExecutionListener, org.springframework.test.context.transaction.TransactionalTestExecutionListener, org.springframework.test.context.jdbc.SqlScriptsTestExecutionListener]
2017-02-04 23:41:06.435  INFO 12732 --- [    Test worker] .b.t.c.SpringBootTestContextBootstrapper : Could not instantiate TestExecutionListener [org.springframework.test.context.transaction.TransactionalTestExecutionListener]. Specify custom listener classes or make the default listener classes (and their required dependencies) available. Offending class: [org/springframework/transaction/TransactionDefinition]
2017-02-04 23:41:06.436  INFO 12732 --- [    Test worker] .b.t.c.SpringBootTestContextBootstrapper : Could not instantiate TestExecutionListener [org.springframework.test.context.jdbc.SqlScriptsTestExecutionListener]. Specify custom listener classes or make the default listener classes (and their required dependencies) available. Offending class: [org/springframework/transaction/interceptor/TransactionAttribute]
2017-02-04 23:41:06.437  INFO 12732 --- [    Test worker] .b.t.c.SpringBootTestContextBootstrapper : Using TestExecutionListeners: [org.springframework.test.context.web.ServletTestExecutionListener@319e3c9a, org.springframework.test.context.support.DirtiesContextBeforeModesTestExecutionListener@621f85dd, org.springframework.boot.test.autoconfigure.SpringBootDependencyInjectionTestExecutionListener@29005349, org.springframework.test.context.support.DirtiesContextTestExecutionListener@66e39144, org.springframework.boot.test.mock.mockito.MockitoTestExecutionListener@26d90bee, org.springframework.boot.test.autoconfigure.web.servlet.WebDriverTestExecutionListener@38765385, org.springframework.boot.test.mock.mockito.ResetMocksTestExecutionListener@13c7c5d9, org.springframework.boot.test.autoconfigure.web.client.MockRestServiceServerResetTestExecutionListener@69d40f54, org.springframework.boot.test.autoconfigure.web.servlet.MockMvcPrintOnlyOnFailureTestExecutionListener@7bceffb, org.springframework.boot.test.autoconfigure.restdocs.RestDocsTestExecutionListener@d5c7ef2]

  .   ____          _            __ _ _
 /\\ / ___'_ __ _ _(_)_ __  __ _ \ \ \ \
( ( )\___ | '_ | '_| | '_ \/ _` | \ \ \ \
 \\/  ___)| |_)| | | | | || (_| |  ) ) ) )
  '  |____| .__|_| |_|_| |_\__, | / / / /
 =========|_|==============|___/=/_/_/_/
 :: Spring Boot ::        (v1.5.1.RELEASE)

2017-02-04 23:41:06.486  INFO 12732 --- [    Test worker] hello.SmokeTest                          : Starting SmokeTest on kevko-ThinkPad-T420 with PID 12732 (started by kevko in /home/kevko/spring-guides/testing-web)
2017-02-04 23:41:06.486  INFO 12732 --- [    Test worker] hello.SmokeTest                          : No active profile set, falling back to default profiles: default
2017-02-04 23:41:06.489  INFO 12732 --- [    Test worker] o.s.w.c.s.GenericWebApplicationContext   : Refreshing org.springframework.web.context.support.GenericWebApplicationContext@3e14f5ba: startup date [Sat Feb 04 23:41:06 MST 2017]; root of context hierarchy
2017-02-04 23:41:06.695  INFO 12732 --- [    Test worker] trationDelegate$BeanPostProcessorChecker : Bean 'org.springframework.boot.autoconfigure.validation.ValidationAutoConfiguration' of type [class org.springframework.boot.autoconfigure.validation.ValidationAutoConfiguration] is not eligible for getting processed by all BeanPostProcessors (for example: not eligible for auto-proxying)
2017-02-04 23:41:06.706  INFO 12732 --- [    Test worker] trationDelegate$BeanPostProcessorChecker : Bean 'validator' of type [class org.springframework.validation.beanvalidation.LocalValidatorFactoryBean] is not eligible for getting processed by all BeanPostProcessors (for example: not eligible for auto-proxying)
2017-02-04 23:41:06.923  INFO 12732 --- [    Test worker] s.w.s.m.m.a.RequestMappingHandlerAdapter : Looking for @ControllerAdvice: org.springframework.web.context.support.GenericWebApplicationContext@3e14f5ba: startup date [Sat Feb 04 23:41:06 MST 2017]; root of context hierarchy
2017-02-04 23:41:06.938  INFO 12732 --- [    Test worker] s.w.s.m.m.a.RequestMappingHandlerMapping : Mapped "{[/greeting]}" onto public java.lang.String hello.GreetingController.greeting()
2017-02-04 23:41:06.938  INFO 12732 --- [    Test worker] s.w.s.m.m.a.RequestMappingHandlerMapping : Mapped "{[/]}" onto public java.lang.String hello.HomeController.greeting()
2017-02-04 23:41:06.940  INFO 12732 --- [    Test worker] s.w.s.m.m.a.RequestMappingHandlerMapping : Mapped "{[/error],produces=[text/html]}" onto public org.springframework.web.servlet.ModelAndView org.springframework.boot.autoconfigure.web.BasicErrorController.errorHtml(javax.servlet.http.HttpServletRequest,javax.servlet.http.HttpServletResponse)
2017-02-04 23:41:06.941  INFO 12732 --- [    Test worker] s.w.s.m.m.a.RequestMappingHandlerMapping : Mapped "{[/error]}" onto public org.springframework.http.ResponseEntity<java.util.Map<java.lang.String, java.lang.Object>> org.springframework.boot.autoconfigure.web.BasicErrorController.error(javax.servlet.http.HttpServletRequest)
2017-02-04 23:41:06.967  INFO 12732 --- [    Test worker] o.s.w.s.handler.SimpleUrlHandlerMapping  : Mapped URL path [/webjars/**] onto handler of type [class org.springframework.web.servlet.resource.ResourceHttpRequestHandler]
2017-02-04 23:41:06.967  INFO 12732 --- [    Test worker] o.s.w.s.handler.SimpleUrlHandlerMapping  : Mapped URL path [/**] onto handler of type [class org.springframework.web.servlet.resource.ResourceHttpRequestHandler]
2017-02-04 23:41:06.994  INFO 12732 --- [    Test worker] o.s.w.s.handler.SimpleUrlHandlerMapping  : Mapped URL path [/**/favicon.ico] onto handler of type [class org.springframework.web.servlet.resource.ResourceHttpRequestHandler]
2017-02-04 23:41:07.094  INFO 12732 --- [    Test worker] hello.SmokeTest                          : Started SmokeTest in 0.645 seconds (JVM running for 6.551)
]]></system-out>
  <system-err><![CDATA[]]></system-err>
</testsuite>
